[15-Sep-2017 02:33:43 UTC] PHP Parse error:  syntax error, unexpected '<' in /home/ubuntu/workspace/rwatson/Homework/homework2/webpage.php on line 28
[15-Sep-2017 02:34:59 UTC] PHP Fatal error:  Call to undefined function play() in /home/ubuntu/workspace/rwatson/Homework/homework2/webpage.php on line 27
[15-Sep-2017 02:34:59 UTC] PHP Stack trace:
[15-Sep-2017 02:34:59 UTC] PHP   1. {main}() /home/ubuntu/workspace/rwatson/Homework/homework2/webpage.php:0
[16-Sep-2017 08:58:18 UTC] PHP Parse error:  syntax error, unexpected '<' in /home/ubuntu/workspace/rwatson/Homework/homework2/webpage.php on line 58
[16-Sep-2017 09:04:51 UTC] PHP Parse error:  syntax error, unexpected '(', expecting variable (T_VARIABLE) or '$' in /home/ubuntu/workspace/rwatson/Homework/homework2/webpage.php on line 52
[16-Sep-2017 09:06:11 UTC] PHP Parse error:  syntax error, unexpected '(', expecting variable (T_VARIABLE) or '$' in /home/ubuntu/workspace/rwatson/Homework/homework2/webpage.php on line 52
[18-Sep-2017 21:57:52 UTC] PHP Parse error:  syntax error, unexpected end of file in /home/ubuntu/workspace/rwatson/Homework/homework2/inc/functions.php on line 58
[18-Sep-2017 21:57:52 UTC] PHP Stack trace:
[18-Sep-2017 21:57:52 UTC] PHP   1. {main}() /home/ubuntu/workspace/rwatson/Homework/homework2/webpage.php:0
[18-Sep-2017 21:58:57 UTC] PHP Parse error:  syntax error, unexpected end of file in /home/ubuntu/workspace/rwatson/Homework/homework2/inc/functions.php on line 58
[18-Sep-2017 21:58:57 UTC] PHP Stack trace:
[18-Sep-2017 21:58:57 UTC] PHP   1. {main}() /home/ubuntu/workspace/rwatson/Homework/homework2/webpage.php:0
[18-Sep-2017 21:59:01 UTC] PHP Parse error:  syntax error, unexpected end of file in /home/ubuntu/workspace/rwatson/Homework/homework2/inc/functions.php on line 58
[18-Sep-2017 21:59:01 UTC] PHP Stack trace:
[18-Sep-2017 21:59:01 UTC] PHP   1. {main}() /home/ubuntu/workspace/rwatson/Homework/homework2/webpage.php:0
[19-Sep-2017 03:54:23 UTC] PHP Fatal error:  Call to undefined function play() in /home/ubuntu/workspace/rwatson/Homework/homework2/webpage.php on line 55
[19-Sep-2017 03:54:23 UTC] PHP Stack trace:
[19-Sep-2017 03:54:23 UTC] PHP   1. {main}() /home/ubuntu/workspace/rwatson/Homework/homework2/webpage.php:0
[19-Sep-2017 03:54:50 UTC] PHP Fatal error:  Call to undefined function play() in /home/ubuntu/workspace/rwatson/Homework/homework2/webpage.php on line 55
[19-Sep-2017 03:54:50 UTC] PHP Stack trace:
[19-Sep-2017 03:54:50 UTC] PHP   1. {main}() /home/ubuntu/workspace/rwatson/Homework/homework2/webpage.php:0
[19-Sep-2017 03:54:52 UTC] PHP Fatal error:  Call to undefined function play() in /home/ubuntu/workspace/rwatson/Homework/homework2/webpage.php on line 55
[19-Sep-2017 03:54:52 UTC] PHP Stack trace:
[19-Sep-2017 03:54:52 UTC] PHP   1. {main}() /home/ubuntu/workspace/rwatson/Homework/homework2/webpage.php:0
[19-Sep-2017 03:55:00 UTC] PHP Fatal error:  Call to undefined function play() in /home/ubuntu/workspace/rwatson/Homework/homework2/webpage.php on line 55
[19-Sep-2017 03:55:00 UTC] PHP Stack trace:
[19-Sep-2017 03:55:00 UTC] PHP   1. {main}() /home/ubuntu/workspace/rwatson/Homework/homework2/webpage.php:0
[19-Sep-2017 03:55:58 UTC] PHP Warning:  Missing argument 1 for fillArray(), called in /home/ubuntu/workspace/rwatson/Homework/homework2/inc/functions.php on line 51 and defined in /home/ubuntu/workspace/rwatson/Homework/homework2/inc/functions.php on line 42
[19-Sep-2017 03:55:58 UTC] PHP Stack trace:
[19-Sep-2017 03:55:58 UTC] PHP   1. {main}() /home/ubuntu/workspace/rwatson/Homework/homework2/webpage.php:0
[19-Sep-2017 03:55:58 UTC] PHP   2. include() /home/ubuntu/workspace/rwatson/Homework/homework2/webpage.php:54
[19-Sep-2017 03:55:58 UTC] PHP   3. fillArray() /home/ubuntu/workspace/rwatson/Homework/homework2/inc/functions.php:51
[19-Sep-2017 03:55:58 UTC] PHP Fatal error:  Call to undefined function play() in /home/ubuntu/workspace/rwatson/Homework/homework2/webpage.php on line 55
[19-Sep-2017 03:55:58 UTC] PHP Stack trace:
[19-Sep-2017 03:55:58 UTC] PHP   1. {main}() /home/ubuntu/workspace/rwatson/Homework/homework2/webpage.php:0
[19-Sep-2017 03:56:27 UTC] PHP Fatal error:  Call to undefined function play() in /home/ubuntu/workspace/rwatson/Homework/homework2/webpage.php on line 55
[19-Sep-2017 03:56:27 UTC] PHP Stack trace:
[19-Sep-2017 03:56:27 UTC] PHP   1. {main}() /home/ubuntu/workspace/rwatson/Homework/homework2/webpage.php:0
[19-Sep-2017 03:56:50 UTC] PHP Fatal error:  Call to undefined function play() in /home/ubuntu/workspace/rwatson/Homework/homework2/webpage.php on line 55
[19-Sep-2017 03:56:50 UTC] PHP Stack trace:
[19-Sep-2017 03:56:50 UTC] PHP   1. {main}() /home/ubuntu/workspace/rwatson/Homework/homework2/webpage.php:0
[19-Sep-2017 03:56:52 UTC] PHP Fatal error:  Call to undefined function play() in /home/ubuntu/workspace/rwatson/Homework/homework2/webpage.php on line 55
[19-Sep-2017 03:56:52 UTC] PHP Stack trace:
[19-Sep-2017 03:56:52 UTC] PHP   1. {main}() /home/ubuntu/workspace/rwatson/Homework/homework2/webpage.php:0
[19-Sep-2017 03:57:24 UTC] PHP Fatal error:  Call to undefined function play() in /home/ubuntu/workspace/rwatson/Homework/homework2/webpage.php on line 55
[19-Sep-2017 03:57:24 UTC] PHP Stack trace:
[19-Sep-2017 03:57:24 UTC] PHP   1. {main}() /home/ubuntu/workspace/rwatson/Homework/homework2/webpage.php:0
[19-Sep-2017 03:57:27 UTC] PHP Fatal error:  Call to undefined function play() in /home/ubuntu/workspace/rwatson/Homework/homework2/webpage.php on line 55
[19-Sep-2017 03:57:27 UTC] PHP Stack trace:
[19-Sep-2017 03:57:27 UTC] PHP   1. {main}() /home/ubuntu/workspace/rwatson/Homework/homework2/webpage.php:0
[19-Sep-2017 03:57:28 UTC] PHP Fatal error:  Call to undefined function play() in /home/ubuntu/workspace/rwatson/Homework/homework2/webpage.php on line 55
[19-Sep-2017 03:57:28 UTC] PHP Stack trace:
[19-Sep-2017 03:57:28 UTC] PHP   1. {main}() /home/ubuntu/workspace/rwatson/Homework/homework2/webpage.php:0
[19-Sep-2017 03:57:28 UTC] PHP Fatal error:  Call to undefined function play() in /home/ubuntu/workspace/rwatson/Homework/homework2/webpage.php on line 55
[19-Sep-2017 03:57:28 UTC] PHP Stack trace:
[19-Sep-2017 03:57:28 UTC] PHP   1. {main}() /home/ubuntu/workspace/rwatson/Homework/homework2/webpage.php:0
[19-Sep-2017 03:57:34 UTC] PHP Fatal error:  Call to undefined function play() in /home/ubuntu/workspace/rwatson/Homework/homework2/webpage.php on line 55
[19-Sep-2017 03:57:34 UTC] PHP Stack trace:
[19-Sep-2017 03:57:34 UTC] PHP   1. {main}() /home/ubuntu/workspace/rwatson/Homework/homework2/webpage.php:0
[19-Sep-2017 04:00:21 UTC] PHP Fatal error:  Call to undefined function play() in /home/ubuntu/workspace/rwatson/Homework/homework2/webpage.php on line 55
[19-Sep-2017 04:00:21 UTC] PHP Stack trace:
[19-Sep-2017 04:00:21 UTC] PHP   1. {main}() /home/ubuntu/workspace/rwatson/Homework/homework2/webpage.php:0
[19-Sep-2017 04:01:49 UTC] PHP Fatal error:  Call to undefined function play() in /home/ubuntu/workspace/rwatson/Homework/homework2/webpage.php on line 55
[19-Sep-2017 04:01:49 UTC] PHP Stack trace:
[19-Sep-2017 04:01:49 UTC] PHP   1. {main}() /home/ubuntu/workspace/rwatson/Homework/homework2/webpage.php:0
[19-Sep-2017 04:01:52 UTC] PHP Fatal error:  Call to undefined function play() in /home/ubuntu/workspace/rwatson/Homework/homework2/webpage.php on line 55
[19-Sep-2017 04:01:52 UTC] PHP Stack trace:
[19-Sep-2017 04:01:52 UTC] PHP   1. {main}() /home/ubuntu/workspace/rwatson/Homework/homework2/webpage.php:0
[19-Sep-2017 04:01:53 UTC] PHP Fatal error:  Call to undefined function play() in /home/ubuntu/workspace/rwatson/Homework/homework2/webpage.php on line 55
[19-Sep-2017 04:01:53 UTC] PHP Stack trace:
[19-Sep-2017 04:01:53 UTC] PHP   1. {main}() /home/ubuntu/workspace/rwatson/Homework/homework2/webpage.php:0
[19-Sep-2017 04:04:07 UTC] PHP Fatal error:  Call to undefined function play() in /home/ubuntu/workspace/rwatson/Homework/homework2/webpage.php on line 55
[19-Sep-2017 04:04:07 UTC] PHP Stack trace:
[19-Sep-2017 04:04:07 UTC] PHP   1. {main}() /home/ubuntu/workspace/rwatson/Homework/homework2/webpage.php:0
[19-Sep-2017 04:04:10 UTC] PHP Fatal error:  Call to undefined function play() in /home/ubuntu/workspace/rwatson/Homework/homework2/webpage.php on line 55
[19-Sep-2017 04:04:10 UTC] PHP Stack trace:
[19-Sep-2017 04:04:10 UTC] PHP   1. {main}() /home/ubuntu/workspace/rwatson/Homework/homework2/webpage.php:0
[19-Sep-2017 04:04:18 UTC] PHP Fatal error:  Call to undefined function play() in /home/ubuntu/workspace/rwatson/Homework/homework2/webpage.php on line 55
[19-Sep-2017 04:04:18 UTC] PHP Stack trace:
[19-Sep-2017 04:04:18 UTC] PHP   1. {main}() /home/ubuntu/workspace/rwatson/Homework/homework2/webpage.php:0
[19-Sep-2017 04:04:19 UTC] PHP Fatal error:  Call to undefined function play() in /home/ubuntu/workspace/rwatson/Homework/homework2/webpage.php on line 55
[19-Sep-2017 04:04:19 UTC] PHP Stack trace:
[19-Sep-2017 04:04:19 UTC] PHP   1. {main}() /home/ubuntu/workspace/rwatson/Homework/homework2/webpage.php:0
[19-Sep-2017 04:10:49 UTC] PHP Fatal error:  Call to undefined function play() in /home/ubuntu/workspace/rwatson/Homework/homework2/webpage.php on line 55
[19-Sep-2017 04:10:49 UTC] PHP Stack trace:
[19-Sep-2017 04:10:49 UTC] PHP   1. {main}() /home/ubuntu/workspace/rwatson/Homework/homework2/webpage.php:0
[19-Sep-2017 04:16:53 UTC] PHP Fatal error:  Call to undefined function play() in /home/ubuntu/workspace/rwatson/Homework/homework2/webpage.php on line 55
[19-Sep-2017 04:16:53 UTC] PHP Stack trace:
[19-Sep-2017 04:16:53 UTC] PHP   1. {main}() /home/ubuntu/workspace/rwatson/Homework/homework2/webpage.php:0
[19-Sep-2017 04:20:06 UTC] PHP Fatal error:  Call to undefined function displaySymbol() in /home/ubuntu/workspace/rwatson/Homework/homework2/inc/functions.php on line 48
[19-Sep-2017 04:20:06 UTC] PHP Stack trace:
[19-Sep-2017 04:20:06 UTC] PHP   1. {main}() /home/ubuntu/workspace/rwatson/Homework/homework2/webpage.php:0
[19-Sep-2017 04:20:06 UTC] PHP   2. include() /home/ubuntu/workspace/rwatson/Homework/homework2/webpage.php:54
[19-Sep-2017 04:52:48 UTC] PHP Fatal error:  Call to undefined function play() in /home/ubuntu/workspace/rwatson/Homework/homework2/webpage.php on line 55
[19-Sep-2017 04:52:49 UTC] PHP Stack trace:
[19-Sep-2017 04:52:49 UTC] PHP   1. {main}() /home/ubuntu/workspace/rwatson/Homework/homework2/webpage.php:0
[19-Sep-2017 04:52:53 UTC] PHP Fatal error:  Call to undefined function play() in /home/ubuntu/workspace/rwatson/Homework/homework2/webpage.php on line 55
[19-Sep-2017 04:52:53 UTC] PHP Stack trace:
[19-Sep-2017 04:52:53 UTC] PHP   1. {main}() /home/ubuntu/workspace/rwatson/Homework/homework2/webpage.php:0
[19-Sep-2017 04:53:12 UTC] PHP Fatal error:  Call to undefined function play() in /home/ubuntu/workspace/rwatson/Homework/homework2/webpage.php on line 55
[19-Sep-2017 04:53:12 UTC] PHP Stack trace:
[19-Sep-2017 04:53:12 UTC] PHP   1. {main}() /home/ubuntu/workspace/rwatson/Homework/homework2/webpage.php:0
[19-Sep-2017 04:53:44 UTC] PHP Fatal error:  Call to undefined function play() in /home/ubuntu/workspace/rwatson/Homework/homework2/webpage.php on line 55
[19-Sep-2017 04:53:44 UTC] PHP Stack trace:
[19-Sep-2017 04:53:44 UTC] PHP   1. {main}() /home/ubuntu/workspace/rwatson/Homework/homework2/webpage.php:0
[19-Sep-2017 04:53:47 UTC] PHP Fatal error:  Call to undefined function play() in /home/ubuntu/workspace/rwatson/Homework/homework2/webpage.php on line 55
[19-Sep-2017 04:53:47 UTC] PHP Stack trace:
[19-Sep-2017 04:53:47 UTC] PHP   1. {main}() /home/ubuntu/workspace/rwatson/Homework/homework2/webpage.php:0
[19-Sep-2017 04:54:20 UTC] PHP Fatal error:  Call to undefined function play() in /home/ubuntu/workspace/rwatson/Homework/homework2/webpage.php on line 55
[19-Sep-2017 04:54:20 UTC] PHP Stack trace:
[19-Sep-2017 04:54:20 UTC] PHP   1. {main}() /home/ubuntu/workspace/rwatson/Homework/homework2/webpage.php:0
[19-Sep-2017 04:56:55 UTC] PHP Fatal error:  Call to undefined function play() in /home/ubuntu/workspace/rwatson/Homework/homework2/webpage.php on line 55
[19-Sep-2017 04:56:55 UTC] PHP Stack trace:
[19-Sep-2017 04:56:55 UTC] PHP   1. {main}() /home/ubuntu/workspace/rwatson/Homework/homework2/webpage.php:0
[19-Sep-2017 04:57:58 UTC] PHP Parse error:  syntax error, unexpected ';' in /home/ubuntu/workspace/rwatson/Homework/homework2/inc/functions.php on line 53
[19-Sep-2017 04:57:58 UTC] PHP Stack trace:
[19-Sep-2017 04:57:58 UTC] PHP   1. {main}() /home/ubuntu/workspace/rwatson/Homework/homework2/webpage.php:0
[19-Sep-2017 04:58:19 UTC] PHP Parse error:  syntax error, unexpected ';' in /home/ubuntu/workspace/rwatson/Homework/homework2/inc/functions.php on line 53
[19-Sep-2017 04:58:19 UTC] PHP Stack trace:
[19-Sep-2017 04:58:19 UTC] PHP   1. {main}() /home/ubuntu/workspace/rwatson/Homework/homework2/webpage.php:0
[19-Sep-2017 04:58:23 UTC] PHP Fatal error:  Call to undefined function play() in /home/ubuntu/workspace/rwatson/Homework/homework2/webpage.php on line 55
[19-Sep-2017 04:58:23 UTC] PHP Stack trace:
[19-Sep-2017 04:58:23 UTC] PHP   1. {main}() /home/ubuntu/workspace/rwatson/Homework/homework2/webpage.php:0
[19-Sep-2017 05:00:23 UTC] PHP Fatal error:  Call to undefined function play() in /home/ubuntu/workspace/rwatson/Homework/homework2/webpage.php on line 55
[19-Sep-2017 05:00:23 UTC] PHP Stack trace:
[19-Sep-2017 05:00:23 UTC] PHP   1. {main}() /home/ubuntu/workspace/rwatson/Homework/homework2/webpage.php:0
[19-Sep-2017 05:03:01 UTC] PHP Parse error:  syntax error, unexpected ']' in /home/ubuntu/workspace/rwatson/Homework/homework2/inc/functions.php on line 54
[19-Sep-2017 05:03:01 UTC] PHP Stack trace:
[19-Sep-2017 05:03:01 UTC] PHP   1. {main}() /home/ubuntu/workspace/rwatson/Homework/homework2/webpage.php:0
[19-Sep-2017 05:03:34 UTC] PHP Parse error:  syntax error, unexpected '}' in /home/ubuntu/workspace/rwatson/Homework/homework2/inc/functions.php on line 68
[19-Sep-2017 05:03:34 UTC] PHP Stack trace:
[19-Sep-2017 05:03:34 UTC] PHP   1. {main}() /home/ubuntu/workspace/rwatson/Homework/homework2/webpage.php:0
[19-Sep-2017 05:04:06 UTC] PHP Fatal error:  Call to undefined function play() in /home/ubuntu/workspace/rwatson/Homework/homework2/webpage.php on line 55
[19-Sep-2017 05:04:06 UTC] PHP Stack trace:
[19-Sep-2017 05:04:06 UTC] PHP   1. {main}() /home/ubuntu/workspace/rwatson/Homework/homework2/webpage.php:0
[19-Sep-2017 05:04:31 UTC] PHP Fatal error:  Call to undefined function play() in /home/ubuntu/workspace/rwatson/Homework/homework2/webpage.php on line 55
[19-Sep-2017 05:04:31 UTC] PHP Stack trace:
[19-Sep-2017 05:04:31 UTC] PHP   1. {main}() /home/ubuntu/workspace/rwatson/Homework/homework2/webpage.php:0
[19-Sep-2017 05:07:13 UTC] PHP Parse error:  syntax error, unexpected '*' in /home/ubuntu/workspace/rwatson/Homework/homework2/inc/functions.php on line 64
[19-Sep-2017 05:07:13 UTC] PHP Stack trace:
[19-Sep-2017 05:07:13 UTC] PHP   1. {main}() /home/ubuntu/workspace/rwatson/Homework/homework2/webpage.php:0
[19-Sep-2017 05:09:37 UTC] PHP Parse error:  syntax error, unexpected ']' in /home/ubuntu/workspace/rwatson/Homework/homework2/inc/functions.php on line 59
[19-Sep-2017 05:09:37 UTC] PHP Stack trace:
[19-Sep-2017 05:09:37 UTC] PHP   1. {main}() /home/ubuntu/workspace/rwatson/Homework/homework2/webpage.php:0
[20-Sep-2017 02:50:33 UTC] PHP Fatal error:  Call to undefined function displaySymbol() in /home/ubuntu/workspace/rwatson/Homework/homework2/inc/functions.php on line 67
[20-Sep-2017 02:50:33 UTC] PHP Stack trace:
[20-Sep-2017 02:50:33 UTC] PHP   1. {main}() /home/ubuntu/workspace/rwatson/Homework/homework2/webpage.php:0
[20-Sep-2017 02:50:33 UTC] PHP   2. play() /home/ubuntu/workspace/rwatson/Homework/homework2/webpage.php:55
[20-Sep-2017 02:54:27 UTC] PHP Parse error:  syntax error, unexpected ')' in /home/ubuntu/workspace/rwatson/Homework/homework2/inc/functions.php on line 62
[20-Sep-2017 02:54:27 UTC] PHP Stack trace:
[20-Sep-2017 02:54:27 UTC] PHP   1. {main}() /home/ubuntu/workspace/rwatson/Homework/homework2/webpage.php:0
[20-Sep-2017 02:54:49 UTC] PHP Warning:  array_rand() expects parameter 1 to be array, null given in /home/ubuntu/workspace/rwatson/Homework/homework2/inc/functions.php on line 62
[20-Sep-2017 02:54:49 UTC] PHP Stack trace:
[20-Sep-2017 02:54:49 UTC] PHP   1. {main}() /home/ubuntu/workspace/rwatson/Homework/homework2/webpage.php:0
[20-Sep-2017 02:54:49 UTC] PHP   2. play() /home/ubuntu/workspace/rwatson/Homework/homework2/webpage.php:55
[20-Sep-2017 02:54:49 UTC] PHP   3. array_rand() /home/ubuntu/workspace/rwatson/Homework/homework2/inc/functions.php:62
[20-Sep-2017 02:55:20 UTC] PHP Parse error:  syntax error, unexpected '*' in /home/ubuntu/workspace/rwatson/Homework/homework2/inc/functions.php on line 60
[20-Sep-2017 02:55:20 UTC] PHP Stack trace:
[20-Sep-2017 02:55:20 UTC] PHP   1. {main}() /home/ubuntu/workspace/rwatson/Homework/homework2/webpage.php:0
[20-Sep-2017 03:57:21 UTC] PHP Warning:  Missing argument 1 for showText(), called in /home/ubuntu/workspace/rwatson/Homework/homework2/inc/functions.php on line 72 and defined in /home/ubuntu/workspace/rwatson/Homework/homework2/inc/functions.php on line 53
[20-Sep-2017 03:57:21 UTC] PHP Stack trace:
[20-Sep-2017 03:57:21 UTC] PHP   1. {main}() /home/ubuntu/workspace/rwatson/Homework/homework2/webpage.php:0
[20-Sep-2017 03:57:21 UTC] PHP   2. play() /home/ubuntu/workspace/rwatson/Homework/homework2/webpage.php:55
[20-Sep-2017 03:57:21 UTC] PHP   3. showText() /home/ubuntu/workspace/rwatson/Homework/homework2/inc/functions.php:72
[20-Sep-2017 03:57:31 UTC] PHP Warning:  Missing argument 1 for showText(), called in /home/ubuntu/workspace/rwatson/Homework/homework2/inc/functions.php on line 72 and defined in /home/ubuntu/workspace/rwatson/Homework/homework2/inc/functions.php on line 53
[20-Sep-2017 03:57:31 UTC] PHP Stack trace:
[20-Sep-2017 03:57:31 UTC] PHP   1. {main}() /home/ubuntu/workspace/rwatson/Homework/homework2/webpage.php:0
[20-Sep-2017 03:57:31 UTC] PHP   2. play() /home/ubuntu/workspace/rwatson/Homework/homework2/webpage.php:55
[20-Sep-2017 03:57:31 UTC] PHP   3. showText() /home/ubuntu/workspace/rwatson/Homework/homework2/inc/functions.php:72
[20-Sep-2017 03:57:34 UTC] PHP Warning:  Missing argument 1 for showText(), called in /home/ubuntu/workspace/rwatson/Homework/homework2/inc/functions.php on line 72 and defined in /home/ubuntu/workspace/rwatson/Homework/homework2/inc/functions.php on line 53
[20-Sep-2017 03:57:34 UTC] PHP Stack trace:
[20-Sep-2017 03:57:34 UTC] PHP   1. {main}() /home/ubuntu/workspace/rwatson/Homework/homework2/webpage.php:0
[20-Sep-2017 03:57:34 UTC] PHP   2. play() /home/ubuntu/workspace/rwatson/Homework/homework2/webpage.php:55
[20-Sep-2017 03:57:34 UTC] PHP   3. showText() /home/ubuntu/workspace/rwatson/Homework/homework2/inc/functions.php:72
[20-Sep-2017 03:57:55 UTC] PHP Warning:  Missing argument 1 for showText(), called in /home/ubuntu/workspace/rwatson/Homework/homework2/inc/functions.php on line 72 and defined in /home/ubuntu/workspace/rwatson/Homework/homework2/inc/functions.php on line 53
[20-Sep-2017 03:57:55 UTC] PHP Stack trace:
[20-Sep-2017 03:57:55 UTC] PHP   1. {main}() /home/ubuntu/workspace/rwatson/Homework/homework2/webpage.php:0
[20-Sep-2017 03:57:55 UTC] PHP   2. play() /home/ubuntu/workspace/rwatson/Homework/homework2/webpage.php:57
[20-Sep-2017 03:57:55 UTC] PHP   3. showText() /home/ubuntu/workspace/rwatson/Homework/homework2/inc/functions.php:72
[20-Sep-2017 04:12:28 UTC] PHP Fatal error:  Call to undefined function showtext() in /home/ubuntu/workspace/rwatson/Homework/homework2/webpage.php on line 53
[20-Sep-2017 04:12:28 UTC] PHP Stack trace:
[20-Sep-2017 04:12:28 UTC] PHP   1. {main}() /home/ubuntu/workspace/rwatson/Homework/homework2/webpage.php:0
[20-Sep-2017 04:13:22 UTC] PHP Fatal error:  Call to undefined function showtext() in /home/ubuntu/workspace/rwatson/Homework/homework2/webpage.php on line 53
[20-Sep-2017 04:13:22 UTC] PHP Stack trace:
[20-Sep-2017 04:13:22 UTC] PHP   1. {main}() /home/ubuntu/workspace/rwatson/Homework/homework2/webpage.php:0
[20-Sep-2017 04:13:24 UTC] PHP Fatal error:  Call to undefined function showtext() in /home/ubuntu/workspace/rwatson/Homework/homework2/webpage.php on line 53
[20-Sep-2017 04:13:24 UTC] PHP Stack trace:
[20-Sep-2017 04:13:24 UTC] PHP   1. {main}() /home/ubuntu/workspace/rwatson/Homework/homework2/webpage.php:0
[20-Sep-2017 04:13:31 UTC] PHP Fatal error:  Call to undefined function showtext() in /home/ubuntu/workspace/rwatson/Homework/homework2/webpage.php on line 53
[20-Sep-2017 04:13:31 UTC] PHP Stack trace:
[20-Sep-2017 04:13:31 UTC] PHP   1. {main}() /home/ubuntu/workspace/rwatson/Homework/homework2/webpage.php:0
[20-Sep-2017 04:13:32 UTC] PHP Fatal error:  Call to undefined function showtext() in /home/ubuntu/workspace/rwatson/Homework/homework2/webpage.php on line 53
[20-Sep-2017 04:13:32 UTC] PHP Stack trace:
[20-Sep-2017 04:13:32 UTC] PHP   1. {main}() /home/ubuntu/workspace/rwatson/Homework/homework2/webpage.php:0
[20-Sep-2017 04:13:33 UTC] PHP Fatal error:  Call to undefined function showtext() in /home/ubuntu/workspace/rwatson/Homework/homework2/webpage.php on line 53
[20-Sep-2017 04:13:33 UTC] PHP Stack trace:
[20-Sep-2017 04:13:33 UTC] PHP   1. {main}() /home/ubuntu/workspace/rwatson/Homework/homework2/webpage.php:0
[20-Sep-2017 04:13:33 UTC] PHP Fatal error:  Call to undefined function showtext() in /home/ubuntu/workspace/rwatson/Homework/homework2/webpage.php on line 53
[20-Sep-2017 04:13:33 UTC] PHP Stack trace:
[20-Sep-2017 04:13:33 UTC] PHP   1. {main}() /home/ubuntu/workspace/rwatson/Homework/homework2/webpage.php:0
[20-Sep-2017 04:13:49 UTC] PHP Fatal error:  Call to undefined function showtext() in /home/ubuntu/workspace/rwatson/Homework/homework2/webpage.php on line 53
[20-Sep-2017 04:13:49 UTC] PHP Stack trace:
[20-Sep-2017 04:13:49 UTC] PHP   1. {main}() /home/ubuntu/workspace/rwatson/Homework/homework2/webpage.php:0
[20-Sep-2017 04:13:50 UTC] PHP Fatal error:  Call to undefined function showtext() in /home/ubuntu/workspace/rwatson/Homework/homework2/webpage.php on line 53
[20-Sep-2017 04:13:50 UTC] PHP Stack trace:
[20-Sep-2017 04:13:50 UTC] PHP   1. {main}() /home/ubuntu/workspace/rwatson/Homework/homework2/webpage.php:0
[20-Sep-2017 04:13:57 UTC] PHP Fatal error:  Call to undefined function showtext() in /home/ubuntu/workspace/rwatson/Homework/homework2/webpage.php on line 53
[20-Sep-2017 04:13:57 UTC] PHP Stack trace:
[20-Sep-2017 04:13:57 UTC] PHP   1. {main}() /home/ubuntu/workspace/rwatson/Homework/homework2/webpage.php:0
[20-Sep-2017 04:14:17 UTC] PHP Fatal error:  Call to undefined function showtext() in /home/ubuntu/workspace/rwatson/Homework/homework2/webpage.php on line 53
[20-Sep-2017 04:14:17 UTC] PHP Stack trace:
[20-Sep-2017 04:14:17 UTC] PHP   1. {main}() /home/ubuntu/workspace/rwatson/Homework/homework2/webpage.php:0
[20-Sep-2017 04:15:17 UTC] PHP Fatal error:  Call to undefined function showtext() in /home/ubuntu/workspace/rwatson/Homework/homework2/webpage.php on line 54
[20-Sep-2017 04:15:17 UTC] PHP Stack trace:
[20-Sep-2017 04:15:17 UTC] PHP   1. {main}() /home/ubuntu/workspace/rwatson/Homework/homework2/webpage.php:0
[20-Sep-2017 04:15:19 UTC] PHP Fatal error:  Call to undefined function showtext() in /home/ubuntu/workspace/rwatson/Homework/homework2/webpage.php on line 54
[20-Sep-2017 04:15:19 UTC] PHP Stack trace:
[20-Sep-2017 04:15:19 UTC] PHP   1. {main}() /home/ubuntu/workspace/rwatson/Homework/homework2/webpage.php:0
[20-Sep-2017 04:16:08 UTC] PHP Fatal error:  Call to undefined function showtext() in /home/ubuntu/workspace/rwatson/Homework/homework2/webpage.php on line 54
[20-Sep-2017 04:16:08 UTC] PHP Stack trace:
[20-Sep-2017 04:16:08 UTC] PHP   1. {main}() /home/ubuntu/workspace/rwatson/Homework/homework2/webpage.php:0
[20-Sep-2017 04:22:12 UTC] PHP Fatal error:  Call to undefined function showtext() in /home/ubuntu/workspace/rwatson/Homework/homework2/webpage.php on line 54
[20-Sep-2017 04:22:12 UTC] PHP Stack trace:
[20-Sep-2017 04:22:12 UTC] PHP   1. {main}() /home/ubuntu/workspace/rwatson/Homework/homework2/webpage.php:0
[20-Sep-2017 04:22:19 UTC] PHP Fatal error:  Call to undefined function showtext() in /home/ubuntu/workspace/rwatson/Homework/homework2/webpage.php on line 54
[20-Sep-2017 04:22:19 UTC] PHP Stack trace:
[20-Sep-2017 04:22:19 UTC] PHP   1. {main}() /home/ubuntu/workspace/rwatson/Homework/homework2/webpage.php:0
[20-Sep-2017 04:22:29 UTC] PHP Fatal error:  Call to undefined function showtext() in /home/ubuntu/workspace/rwatson/Homework/homework2/webpage.php on line 54
[20-Sep-2017 04:22:29 UTC] PHP Stack trace:
[20-Sep-2017 04:22:29 UTC] PHP   1. {main}() /home/ubuntu/workspace/rwatson/Homework/homework2/webpage.php:0
[20-Sep-2017 04:23:01 UTC] PHP Fatal error:  Call to undefined function showtext() in /home/ubuntu/workspace/rwatson/Homework/homework2/webpage.php on line 54
[20-Sep-2017 04:23:01 UTC] PHP Stack trace:
[20-Sep-2017 04:23:01 UTC] PHP   1. {main}() /home/ubuntu/workspace/rwatson/Homework/homework2/webpage.php:0
[20-Sep-2017 04:23:03 UTC] PHP Fatal error:  Call to undefined function showtext() in /home/ubuntu/workspace/rwatson/Homework/homework2/webpage.php on line 54
[20-Sep-2017 04:23:03 UTC] PHP Stack trace:
[20-Sep-2017 04:23:03 UTC] PHP   1. {main}() /home/ubuntu/workspace/rwatson/Homework/homework2/webpage.php:0
[20-Sep-2017 04:23:40 UTC] PHP Fatal error:  Call to undefined function showText() in /home/ubuntu/workspace/rwatson/Homework/homework2/webpage.php on line 54
[20-Sep-2017 04:23:40 UTC] PHP Stack trace:
[20-Sep-2017 04:23:40 UTC] PHP   1. {main}() /home/ubuntu/workspace/rwatson/Homework/homework2/webpage.php:0
[20-Sep-2017 04:23:43 UTC] PHP Fatal error:  Call to undefined function showText() in /home/ubuntu/workspace/rwatson/Homework/homework2/webpage.php on line 54
[20-Sep-2017 04:23:43 UTC] PHP Stack trace:
[20-Sep-2017 04:23:43 UTC] PHP   1. {main}() /home/ubuntu/workspace/rwatson/Homework/homework2/webpage.php:0
[20-Sep-2017 04:23:58 UTC] PHP Fatal error:  Call to undefined function showText() in /home/ubuntu/workspace/rwatson/Homework/homework2/webpage.php on line 54
[20-Sep-2017 04:23:58 UTC] PHP Stack trace:
[20-Sep-2017 04:23:58 UTC] PHP   1. {main}() /home/ubuntu/workspace/rwatson/Homework/homework2/webpage.php:0
[20-Sep-2017 04:24:03 UTC] PHP Fatal error:  Call to undefined function showText() in /home/ubuntu/workspace/rwatson/Homework/homework2/webpage.php on line 54
[20-Sep-2017 04:24:03 UTC] PHP Stack trace:
[20-Sep-2017 04:24:03 UTC] PHP   1. {main}() /home/ubuntu/workspace/rwatson/Homework/homework2/webpage.php:0
[20-Sep-2017 04:24:05 UTC] PHP Fatal error:  Call to undefined function showText() in /home/ubuntu/workspace/rwatson/Homework/homework2/webpage.php on line 54
[20-Sep-2017 04:24:05 UTC] PHP Stack trace:
[20-Sep-2017 04:24:05 UTC] PHP   1. {main}() /home/ubuntu/workspace/rwatson/Homework/homework2/webpage.php:0
[20-Sep-2017 04:26:37 UTC] PHP Fatal error:  Call to undefined function showText() in /home/ubuntu/workspace/rwatson/Homework/homework2/webpage.php on line 54
[20-Sep-2017 04:26:37 UTC] PHP Stack trace:
[20-Sep-2017 04:26:37 UTC] PHP   1. {main}() /home/ubuntu/workspace/rwatson/Homework/homework2/webpage.php:0
