[27-Sep-2017 20:45:46 UTC] PHP Warning:  array_rand() expects parameter 1 to be array, null given in /home/ubuntu/workspace/rwatson/labs/lab1/lab4/index.php on line 16
[27-Sep-2017 20:45:46 UTC] PHP Stack trace:
[27-Sep-2017 20:45:46 UTC] PHP   1. {main}() /home/ubuntu/workspace/rwatson/labs/lab1/lab4/index.php:0
[27-Sep-2017 20:45:46 UTC] PHP   2. array_rand() /home/ubuntu/workspace/rwatson/labs/lab1/lab4/index.php:16
[27-Sep-2017 20:45:46 UTC] PHP Warning:  array_rand() expects parameter 1 to be array, null given in /home/ubuntu/workspace/rwatson/labs/lab1/lab4/index.php on line 16
[27-Sep-2017 20:45:46 UTC] PHP Stack trace:
[27-Sep-2017 20:45:46 UTC] PHP   1. {main}() /home/ubuntu/workspace/rwatson/labs/lab1/lab4/index.php:0
[27-Sep-2017 20:45:46 UTC] PHP   2. array_rand() /home/ubuntu/workspace/rwatson/labs/lab1/lab4/index.php:16
[29-Sep-2017 19:20:05 UTC] PHP Parse error:  syntax error, unexpected '$_GET' (T_VARIABLE), expecting '(' in /home/ubuntu/workspace/rwatson/labs/lab1/lab4/index.php on line 10
[29-Sep-2017 19:20:22 UTC] PHP Parse error:  syntax error, unexpected '$_GET' (T_VARIABLE), expecting '(' in /home/ubuntu/workspace/rwatson/labs/lab1/lab4/index.php on line 10
[29-Sep-2017 19:20:25 UTC] PHP Parse error:  syntax error, unexpected '$_GET' (T_VARIABLE), expecting '(' in /home/ubuntu/workspace/rwatson/labs/lab1/lab4/index.php on line 10
[29-Sep-2017 19:20:26 UTC] PHP Parse error:  syntax error, unexpected '$_GET' (T_VARIABLE), expecting '(' in /home/ubuntu/workspace/rwatson/labs/lab1/lab4/index.php on line 10
[29-Sep-2017 19:40:23 UTC] PHP Parse error:  syntax error, unexpected 'if' (T_IF) in /home/ubuntu/workspace/rwatson/labs/lab1/lab4/index.php on line 11
[29-Sep-2017 19:40:30 UTC] PHP Parse error:  syntax error, unexpected 'if' (T_IF) in /home/ubuntu/workspace/rwatson/labs/lab1/lab4/index.php on line 11
[29-Sep-2017 19:40:32 UTC] PHP Parse error:  syntax error, unexpected 'if' (T_IF) in /home/ubuntu/workspace/rwatson/labs/lab1/lab4/index.php on line 11
[29-Sep-2017 19:40:34 UTC] PHP Parse error:  syntax error, unexpected 'if' (T_IF) in /home/ubuntu/workspace/rwatson/labs/lab1/lab4/index.php on line 11
[29-Sep-2017 19:40:48 UTC] PHP Parse error:  syntax error, unexpected 'if' (T_IF) in /home/ubuntu/workspace/rwatson/labs/lab1/lab4/index.php on line 11
[29-Sep-2017 19:40:49 UTC] PHP Parse error:  syntax error, unexpected 'if' (T_IF) in /home/ubuntu/workspace/rwatson/labs/lab1/lab4/index.php on line 11
[29-Sep-2017 19:40:58 UTC] PHP Parse error:  syntax error, unexpected '$_GET' (T_VARIABLE), expecting '(' in /home/ubuntu/workspace/rwatson/labs/lab1/lab4/index.php on line 11
[29-Sep-2017 19:40:59 UTC] PHP Parse error:  syntax error, unexpected '$_GET' (T_VARIABLE), expecting '(' in /home/ubuntu/workspace/rwatson/labs/lab1/lab4/index.php on line 11
[29-Sep-2017 19:41:01 UTC] PHP Parse error:  syntax error, unexpected '$_GET' (T_VARIABLE), expecting '(' in /home/ubuntu/workspace/rwatson/labs/lab1/lab4/index.php on line 11
[29-Sep-2017 19:43:28 UTC] PHP Parse error:  syntax error, unexpected '}' in /home/ubuntu/workspace/rwatson/labs/lab1/lab4/index.php on line 15
[29-Sep-2017 19:43:44 UTC] PHP Parse error:  syntax error, unexpected ''keyword'' (T_CONSTANT_ENCAPSED_STRING), expecting ',' or ';' in /home/ubuntu/workspace/rwatson/labs/lab1/lab4/index.php on line 50
[29-Sep-2017 19:44:46 UTC] PHP Parse error:  syntax error, unexpected ''keyword'' (T_CONSTANT_ENCAPSED_STRING), expecting ',' or ';' in /home/ubuntu/workspace/rwatson/labs/lab1/lab4/index.php on line 50
[29-Sep-2017 19:46:59 UTC] PHP Parse error:  syntax error, unexpected ''keyword'' (T_CONSTANT_ENCAPSED_STRING), expecting ',' or ';' in /home/ubuntu/workspace/rwatson/labs/lab1/lab4/index.php on line 48
[29-Sep-2017 19:52:49 UTC] PHP Parse error:  syntax error, unexpected ''keyword'' (T_CONSTANT_ENCAPSED_STRING), expecting ',' or ';' in /home/ubuntu/workspace/rwatson/labs/lab1/lab4/index.php on line 48
[29-Sep-2017 19:52:57 UTC] PHP Parse error:  syntax error, unexpected ''keyword'' (T_CONSTANT_ENCAPSED_STRING), expecting ',' or ';' in /home/ubuntu/workspace/rwatson/labs/lab1/lab4/index.php on line 48
[29-Sep-2017 19:54:25 UTC] PHP Parse error:  syntax error, unexpected ''keyword'' (T_CONSTANT_ENCAPSED_STRING), expecting ',' or ';' in /home/ubuntu/workspace/rwatson/labs/lab1/lab4/index.php on line 48
[29-Sep-2017 19:56:20 UTC] PHP Parse error:  syntax error, unexpected ''keyword'' (T_CONSTANT_ENCAPSED_STRING), expecting ',' or ';' in /home/ubuntu/workspace/rwatson/labs/lab1/lab4/index.php on line 60
[29-Sep-2017 19:56:21 UTC] PHP Parse error:  syntax error, unexpected ''keyword'' (T_CONSTANT_ENCAPSED_STRING), expecting ',' or ';' in /home/ubuntu/workspace/rwatson/labs/lab1/lab4/index.php on line 60
[29-Sep-2017 19:56:22 UTC] PHP Parse error:  syntax error, unexpected ''keyword'' (T_CONSTANT_ENCAPSED_STRING), expecting ',' or ';' in /home/ubuntu/workspace/rwatson/labs/lab1/lab4/index.php on line 60
[29-Sep-2017 19:56:24 UTC] PHP Parse error:  syntax error, unexpected ''keyword'' (T_CONSTANT_ENCAPSED_STRING), expecting ',' or ';' in /home/ubuntu/workspace/rwatson/labs/lab1/lab4/index.php on line 60
[29-Sep-2017 19:57:43 UTC] PHP Parse error:  syntax error, unexpected ''keyword'' (T_CONSTANT_ENCAPSED_STRING), expecting ',' or ';' in /home/ubuntu/workspace/rwatson/labs/lab1/lab4/index.php on line 60
[29-Sep-2017 19:59:51 UTC] PHP Parse error:  syntax error, unexpected ''keyword'' (T_CONSTANT_ENCAPSED_STRING), expecting ',' or ';' in /home/ubuntu/workspace/rwatson/labs/lab1/lab4/index.php on line 60
[29-Sep-2017 19:59:52 UTC] PHP Parse error:  syntax error, unexpected ''keyword'' (T_CONSTANT_ENCAPSED_STRING), expecting ',' or ';' in /home/ubuntu/workspace/rwatson/labs/lab1/lab4/index.php on line 60
[29-Sep-2017 19:59:52 UTC] PHP Parse error:  syntax error, unexpected ''keyword'' (T_CONSTANT_ENCAPSED_STRING), expecting ',' or ';' in /home/ubuntu/workspace/rwatson/labs/lab1/lab4/index.php on line 60
[29-Sep-2017 20:00:36 UTC] PHP Parse error:  syntax error, unexpected ''keyword'' (T_CONSTANT_ENCAPSED_STRING), expecting ',' or ';' in /home/ubuntu/workspace/rwatson/labs/lab1/lab4/index.php on line 60
[29-Sep-2017 20:03:16 UTC] PHP Parse error:  syntax error, unexpected ''keyword'' (T_CONSTANT_ENCAPSED_STRING), expecting ',' or ';' in /home/ubuntu/workspace/rwatson/labs/lab1/lab4/index.php on line 60
[29-Sep-2017 20:12:27 UTC] PHP Parse error:  syntax error, unexpected '>' in /home/ubuntu/workspace/rwatson/labs/lab1/lab4/index.php on line 100
[29-Sep-2017 20:13:03 UTC] PHP Parse error:  syntax error, unexpected '}', expecting ',' or ';' in /home/ubuntu/workspace/rwatson/labs/lab1/lab4/index.php on line 92
[29-Sep-2017 20:13:21 UTC] PHP Parse error:  syntax error, unexpected '}', expecting ',' or ';' in /home/ubuntu/workspace/rwatson/labs/lab1/lab4/index.php on line 92
[29-Sep-2017 20:13:24 UTC] PHP Parse error:  syntax error, unexpected '}', expecting ',' or ';' in /home/ubuntu/workspace/rwatson/labs/lab1/lab4/index.php on line 92
[29-Sep-2017 20:13:34 UTC] PHP Parse error:  syntax error, unexpected '}', expecting ',' or ';' in /home/ubuntu/workspace/rwatson/labs/lab1/lab4/index.php on line 92
[29-Sep-2017 20:13:36 UTC] PHP Parse error:  syntax error, unexpected '}', expecting ',' or ';' in /home/ubuntu/workspace/rwatson/labs/lab1/lab4/index.php on line 92
