[06-Sep-2017 20:19:37 UTC] PHP Parse error:  syntax error, unexpected 'echo' (T_ECHO), expecting ',' or ';' in /home/ubuntu/workspace/rwatson/labs/lab2/index.php on line 15
[06-Sep-2017 20:19:37 UTC] PHP Parse error:  syntax error, unexpected 'echo' (T_ECHO), expecting ',' or ';' in /home/ubuntu/workspace/rwatson/labs/lab2/index.php on line 15
[06-Sep-2017 20:43:40 UTC] PHP Parse error:  syntax error, unexpected '$randomValue1' (T_VARIABLE), expecting ',' or ';' in /home/ubuntu/workspace/rwatson/labs/lab2/index.php on line 43
[08-Sep-2017 19:59:37 UTC] PHP Fatal error:  Call to undefined function play() in /home/ubuntu/workspace/rwatson/labs/lab2/index.php on line 11
[08-Sep-2017 19:59:37 UTC] PHP Stack trace:
[08-Sep-2017 19:59:37 UTC] PHP   1. {main}() /home/ubuntu/workspace/rwatson/labs/lab2/index.php:0
[08-Sep-2017 19:59:56 UTC] PHP Fatal error:  Cannot redeclare displaySymbol() (previously declared in /home/ubuntu/workspace/rwatson/labs/lab2/inc/functions.php:2) in /home/ubuntu/workspace/rwatson/labs/lab2/inc/functions.php on line 2
[08-Sep-2017 19:59:56 UTC] PHP Stack trace:
[08-Sep-2017 19:59:56 UTC] PHP   1. {main}() /home/ubuntu/workspace/rwatson/labs/lab2/index.php:0
[08-Sep-2017 19:59:56 UTC] PHP   2. play() /home/ubuntu/workspace/rwatson/labs/lab2/index.php:11
[08-Sep-2017 20:02:48 UTC] PHP Fatal error:  Cannot redeclare displaySymbol() (previously declared in /home/ubuntu/workspace/rwatson/labs/lab2/inc/functions.php:3) in /home/ubuntu/workspace/rwatson/labs/lab2/inc/functions.php on line 3
[08-Sep-2017 20:02:48 UTC] PHP Stack trace:
[08-Sep-2017 20:02:48 UTC] PHP   1. {main}() /home/ubuntu/workspace/rwatson/labs/lab2/index.php:0
[08-Sep-2017 20:02:48 UTC] PHP   2. play() /home/ubuntu/workspace/rwatson/labs/lab2/index.php:12
[08-Sep-2017 20:05:16 UTC] PHP Fatal error:  Cannot redeclare displaySymbol() (previously declared in /home/ubuntu/workspace/rwatson/labs/lab2/inc/functions.php:3) in /home/ubuntu/workspace/rwatson/labs/lab2/inc/functions.php on line 3
[08-Sep-2017 20:05:16 UTC] PHP Stack trace:
[08-Sep-2017 20:05:16 UTC] PHP   1. {main}() /home/ubuntu/workspace/rwatson/labs/lab2/index.php:0
[08-Sep-2017 20:05:16 UTC] PHP   2. play() /home/ubuntu/workspace/rwatson/labs/lab2/index.php:12
[08-Sep-2017 20:22:54 UTC] PHP Parse error:  syntax error, unexpected ',' in /home/ubuntu/workspace/rwatson/labs/lab2/index.php on line 11
[08-Sep-2017 20:25:09 UTC] PHP Parse error:  syntax error, unexpected '}' in /home/ubuntu/workspace/rwatson/labs/lab2/index.php on line 38
[08-Sep-2017 20:25:37 UTC] PHP Parse error:  syntax error, unexpected '}' in /home/ubuntu/workspace/rwatson/labs/lab2/index.php on line 37
[08-Sep-2017 20:25:38 UTC] PHP Parse error:  syntax error, unexpected '}' in /home/ubuntu/workspace/rwatson/labs/lab2/index.php on line 37
[08-Sep-2017 20:25:38 UTC] PHP Parse error:  syntax error, unexpected '}' in /home/ubuntu/workspace/rwatson/labs/lab2/index.php on line 37
[08-Sep-2017 20:27:10 UTC] PHP Parse error:  syntax error, unexpected '}' in /home/ubuntu/workspace/rwatson/labs/lab2/index.php on line 41
[08-Sep-2017 20:27:11 UTC] PHP Parse error:  syntax error, unexpected '}' in /home/ubuntu/workspace/rwatson/labs/lab2/index.php on line 41
[08-Sep-2017 20:28:34 UTC] PHP Parse error:  syntax error, unexpected '}' in /home/ubuntu/workspace/rwatson/labs/lab2/index.php on line 40
[08-Sep-2017 21:20:43 UTC] PHP Fatal error:  Cannot redeclare displaySymbol() (previously declared in /home/ubuntu/workspace/rwatson/labs/lab2/inc/functions.php:3) in /home/ubuntu/workspace/rwatson/labs/lab2/inc/functions.php on line 3
[08-Sep-2017 21:20:43 UTC] PHP Stack trace:
[08-Sep-2017 21:20:43 UTC] PHP   1. {main}() /home/ubuntu/workspace/rwatson/labs/lab2/index.php:0
[08-Sep-2017 21:20:43 UTC] PHP   2. play() /home/ubuntu/workspace/rwatson/labs/lab2/index.php:12
[11-Sep-2017 05:03:27 UTC] PHP Warning:  Missing argument 4 for displayPoints(), called in /home/ubuntu/workspace/rwatson/labs/lab2/inc/functions.php on line 56 and defined in /home/ubuntu/workspace/rwatson/labs/lab2/inc/functions.php on line 23
[11-Sep-2017 05:03:27 UTC] PHP Stack trace:
[11-Sep-2017 05:03:27 UTC] PHP   1. {main}() /home/ubuntu/workspace/rwatson/labs/lab2/index.php:0
[11-Sep-2017 05:03:27 UTC] PHP   2. play() /home/ubuntu/workspace/rwatson/labs/lab2/index.php:15
[11-Sep-2017 05:03:27 UTC] PHP   3. displayPoints() /home/ubuntu/workspace/rwatson/labs/lab2/inc/functions.php:56
[11-Sep-2017 05:03:41 UTC] PHP Parse error:  syntax error, unexpected '{', expecting ')' in /home/ubuntu/workspace/rwatson/labs/lab2/inc/functions.php on line 24
[11-Sep-2017 05:03:41 UTC] PHP Stack trace:
[11-Sep-2017 05:03:41 UTC] PHP   1. {main}() /home/ubuntu/workspace/rwatson/labs/lab2/index.php:0
[11-Sep-2017 05:04:52 UTC] PHP Parse error:  syntax error, unexpected ',' in /home/ubuntu/workspace/rwatson/labs/lab2/inc/functions.php on line 25
[11-Sep-2017 05:04:52 UTC] PHP Stack trace:
[11-Sep-2017 05:04:52 UTC] PHP   1. {main}() /home/ubuntu/workspace/rwatson/labs/lab2/index.php:0
[11-Sep-2017 05:04:53 UTC] PHP Parse error:  syntax error, unexpected ',' in /home/ubuntu/workspace/rwatson/labs/lab2/inc/functions.php on line 25
[11-Sep-2017 05:04:53 UTC] PHP Stack trace:
[11-Sep-2017 05:04:53 UTC] PHP   1. {main}() /home/ubuntu/workspace/rwatson/labs/lab2/index.php:0
[11-Sep-2017 05:05:13 UTC] PHP Warning:  Missing argument 4 for displayPoints(), called in /home/ubuntu/workspace/rwatson/labs/lab2/inc/functions.php on line 55 and defined in /home/ubuntu/workspace/rwatson/labs/lab2/inc/functions.php on line 22
[11-Sep-2017 05:05:13 UTC] PHP Stack trace:
[11-Sep-2017 05:05:13 UTC] PHP   1. {main}() /home/ubuntu/workspace/rwatson/labs/lab2/index.php:0
[11-Sep-2017 05:05:13 UTC] PHP   2. play() /home/ubuntu/workspace/rwatson/labs/lab2/index.php:15
[11-Sep-2017 05:05:13 UTC] PHP   3. displayPoints() /home/ubuntu/workspace/rwatson/labs/lab2/inc/functions.php:55
